[1107/142817.071:ERROR:settings.cc(319)] Settings magic is not 1129342067
[1119/014247.588:ERROR:process_reader_win.cc(242)] ReadMemory at 0x7ff6d40e0000 of 64 bytes failed: Solo se completó una parte de una solicitud ReadProcessMemory o WriteProcessMemory. (0x12B)
[1119/014248.256:WARNING:pe_image_reader.cc(302)] could not read dos header from C:\Program Files (x86)\Google\Chrome\Application\chrome.exe
[1119/014248.256:ERROR:process_reader_win.cc(242)] ReadMemory at 0x7ffff61e0000 of 64 bytes failed: Solo se completó una parte de una solicitud ReadProcessMemory o WriteProcessMemory. (0x12B)
[1119/014248.257:WARNING:pe_image_reader.cc(302)] could not read dos header from C:\windows\SYSTEM32\ntdll.dll
[1119/014248.257:ERROR:process_reader_win.cc(242)] ReadMemory at 0x7ffff6090000 of 64 bytes failed: Solo se completó una parte de una solicitud ReadProcessMemory o WriteProcessMemory. (0x12B)
[1119/014248.257:WARNING:pe_image_reader.cc(302)] could not read dos header from C:\windows\System32\KERNEL32.DLL
[1119/014248.257:ERROR:process_reader_win.cc(242)] ReadMemory at 0x7ffff3240000 of 64 bytes failed: Solo se completó una parte de una solicitud ReadProcessMemory o WriteProcessMemory. (0x12B)
[1119/014248.257:WARNING:pe_image_reader.cc(302)] could not read dos header from C:\windows\System32\KERNELBASE.dll
[1119/014248.257:ERROR:process_reader_win.cc(242)] ReadMemory at 0x7fffefc50000 of 64 bytes failed: Solo se completó una parte de una solicitud ReadProcessMemory o WriteProcessMemory. (0x12B)
[1119/014248.257:WARNING:pe_image_reader.cc(302)] could not read dos header from C:\windows\SYSTEM32\apphelp.dll
[1119/014248.257:ERROR:process_reader_win.cc(242)] ReadMemory at 0x7ffff3980000 of 64 bytes failed: Solo se completó una parte de una solicitud ReadProcessMemory o WriteProcessMemory. (0x12B)
[1119/014248.257:WARNING:pe_image_reader.cc(302)] could not read dos header from C:\windows\System32\SHELL32.dll
[1119/014248.257:ERROR:process_reader_win.cc(242)] ReadMemory at 0x7ffff5c60000 of 64 bytes failed: Solo se completó una parte de una solicitud ReadProcessMemory o WriteProcessMemory. (0x12B)
[1119/014248.257:WARNING:pe_image_reader.cc(302)] could not read dos header from C:\windows\System32\msvcrt.dll
[1119/014248.257:ERROR:process_reader_win.cc(242)] ReadMemory at 0x7ffff26b0000 of 64 bytes failed: Solo se completó una parte de una solicitud ReadProcessMemory o WriteProcessMemory. (0x12B)
[1119/014248.258:WARNING:pe_image_reader.cc(302)] could not read dos header from C:\windows\System32\cfgmgr32.dll
[1119/014248.258:ERROR:process_reader_win.cc(242)] ReadMemory at 0x7ffff34c0000 of 64 bytes failed: Solo se completó una parte de una solicitud ReadProcessMemory o WriteProcessMemory. (0x12B)
[1119/014248.258:WARNING:pe_image_reader.cc(302)] could not read dos header from C:\windows\System32\ucrtbase.dll
[1119/014248.258:ERROR:process_reader_win.cc(242)] ReadMemory at 0x7ffff3670000 of 64 bytes failed: Solo se completó una parte de una solicitud ReadProcessMemory o WriteProcessMemory. (0x12B)
[1119/014248.258:WARNING:pe_image_reader.cc(302)] could not read dos header from C:\windows\System32\shcore.dll
[1119/014248.258:ERROR:process_reader_win.cc(242)] ReadMemory at 0x7ffff3780000 of 64 bytes failed: Solo se completó una parte de una solicitud ReadProcessMemory o WriteProcessMemory. (0x12B)
[1119/014248.258:WARNING:pe_image_reader.cc(302)] could not read dos header from C:\windows\System32\RPCRT4.dll
[1119/014248.258:ERROR:process_reader_win.cc(242)] ReadMemory at 0x7ffff57c0000 of 64 bytes failed: Solo se completó una parte de una solicitud ReadProcessMemory o WriteProcessMemory. (0x12B)
[1119/014248.258:WARNING:pe_image_reader.cc(302)] could not read dos header from C:\windows\System32\combase.dll
[1119/014248.258:ERROR:process_reader_win.cc(242)] ReadMemory at 0x7ffff2630000 of 64 bytes failed: Solo se completó una parte de una solicitud ReadProcessMemory o WriteProcessMemory. (0x12B)
[1119/014248.258:WARNING:pe_image_reader.cc(302)] could not read dos header from C:\windows\System32\bcryptPrimitives.dll
[1119/014248.258:ERROR:process_reader_win.cc(242)] ReadMemory at 0x7ffff28a0000 of 64 bytes failed: Solo se completó una parte de una solicitud ReadProcessMemory o WriteProcessMemory. (0x12B)
[1119/014248.259:WARNING:pe_image_reader.cc(302)] could not read dos header from C:\windows\System32\windows.storage.dll
[1119/014248.259:ERROR:process_reader_win.cc(242)] ReadMemory at 0x7ffff38d0000 of 64 bytes failed: Solo se completó una parte de una solicitud ReadProcessMemory o WriteProcessMemory. (0x12B)
[1119/014248.259:WARNING:pe_image_reader.cc(302)] could not read dos header from C:\windows\System32\advapi32.dll
[1119/014248.259:ERROR:process_reader_win.cc(242)] ReadMemory at 0x7ffff5af0000 of 64 bytes failed: Solo se completó una parte de una solicitud ReadProcessMemory o WriteProcessMemory. (0x12B)
[1119/014248.259:WARNING:pe_image_reader.cc(302)] could not read dos header from C:\windows\System32\sechost.dll
[1119/014248.259:ERROR:process_reader_win.cc(242)] ReadMemory at 0x7ffff5680000 of 64 bytes failed: Solo se completó una parte de una solicitud ReadProcessMemory o WriteProcessMemory. (0x12B)
[1119/014248.259:WARNING:pe_image_reader.cc(302)] could not read dos header from C:\windows\System32\shlwapi.dll
[1119/014248.259:ERROR:process_reader_win.cc(242)] ReadMemory at 0x2669e940000 of 64 bytes failed: Solo se completó una parte de una solicitud ReadProcessMemory o WriteProcessMemory. (0x12B)
[1119/014248.260:WARNING:pe_image_reader.cc(302)] could not read dos header from C:\windows\System32\GDI32.dll
[1119/014248.260:ERROR:process_reader_win.cc(242)] ReadMemory at 0x7ffff2700000 of 64 bytes failed: Solo se completó una parte de una solicitud ReadProcessMemory o WriteProcessMemory. (0x12B)
[1119/014248.260:WARNING:pe_image_reader.cc(302)] could not read dos header from C:\windows\System32\gdi32full.dll
[1119/014248.260:ERROR:process_reader_win.cc(242)] ReadMemory at 0x7ffff2fb0000 of 64 bytes failed: Solo se completó una parte de una solicitud ReadProcessMemory o WriteProcessMemory. (0x12B)
[1119/014248.260:WARNING:pe_image_reader.cc(302)] could not read dos header from C:\windows\System32\msvcp_win.dll
[1119/014248.260:ERROR:process_reader_win.cc(242)] ReadMemory at 0x7ffff4dc0000 of 64 bytes failed: Solo se completó una parte de una solicitud ReadProcessMemory o WriteProcessMemory. (0x12B)
[1119/014248.260:WARNING:pe_image_reader.cc(302)] could not read dos header from C:\windows\System32\USER32.dll
[1119/014248.260:ERROR:process_reader_win.cc(242)] ReadMemory at 0x7ffff25b0000 of 64 bytes failed: Solo se completó una parte de una solicitud ReadProcessMemory o WriteProcessMemory. (0x12B)
[1119/014248.260:WARNING:pe_image_reader.cc(302)] could not read dos header from C:\windows\System32\win32u.dll
[1119/014248.260:ERROR:process_reader_win.cc(242)] ReadMemory at 0x7ffff2570000 of 64 bytes failed: Solo se completó una parte de una solicitud ReadProcessMemory o WriteProcessMemory. (0x12B)
[1119/014248.260:WARNING:pe_image_reader.cc(302)] could not read dos header from C:\windows\System32\kernel.appcore.dll
[1119/014248.260:ERROR:process_reader_win.cc(242)] ReadMemory at 0x7ffff2500000 of 64 bytes failed: Solo se completó una parte de una solicitud ReadProcessMemory o WriteProcessMemory. (0x12B)
[1119/014248.260:WARNING:pe_image_reader.cc(302)] could not read dos header from C:\windows\System32\profapi.dll
[1119/014248.261:ERROR:process_reader_win.cc(242)] ReadMemory at 0x7ffff2520000 of 64 bytes failed: Solo se completó una parte de una solicitud ReadProcessMemory o WriteProcessMemory. (0x12B)
[1119/014248.261:WARNING:pe_image_reader.cc(302)] could not read dos header from C:\windows\System32\powrprof.dll
[1119/014248.261:ERROR:process_reader_win.cc(242)] ReadMemory at 0x7ffff24f0000 of 64 bytes failed: Solo se completó una parte de una solicitud ReadProcessMemory o WriteProcessMemory. (0x12B)
[1119/014248.261:WARNING:pe_image_reader.cc(302)] could not read dos header from C:\windows\System32\FLTLIB.DLL
[1119/014248.261:ERROR:process_reader_win.cc(242)] ReadMemory at 0x7ffff56e0000 of 64 bytes failed: Solo se completó una parte de una solicitud ReadProcessMemory o WriteProcessMemory. (0x12B)
[1119/014248.261:WARNING:pe_image_reader.cc(302)] could not read dos header from C:\windows\System32\PSAPI.DLL
[1119/014248.261:ERROR:process_reader_win.cc(242)] ReadMemory at 0x7fffb14d0000 of 64 bytes failed: Solo se completó una parte de una solicitud ReadProcessMemory o WriteProcessMemory. (0x12B)
[1119/014248.261:WARNING:pe_image_reader.cc(302)] could not read dos header from C:\Program Files (x86)\Google\Chrome\Application\70.0.3538.102\chrome_elf.dll
[1119/014248.261:ERROR:process_reader_win.cc(242)] ReadMemory at 0x7fffe1b10000 of 64 bytes failed: Solo se completó una parte de una solicitud ReadProcessMemory o WriteProcessMemory. (0x12B)
[1119/014248.261:WARNING:pe_image_reader.cc(302)] could not read dos header from C:\windows\SYSTEM32\VERSION.dll
[1119/014248.262:ERROR:process_reader_win.cc(242)] ReadMemory at 0x7fffefa40000 of 64 bytes failed: Solo se completó una parte de una solicitud ReadProcessMemory o WriteProcessMemory. (0x12B)
[1119/014248.262:WARNING:pe_image_reader.cc(302)] could not read dos header from C:\windows\SYSTEM32\WINMM.dll
[1119/014248.262:ERROR:process_reader_win.cc(242)] ReadMemory at 0x7ffff23f0000 of 64 bytes failed: Solo se completó una parte de una solicitud ReadProcessMemory o WriteProcessMemory. (0x12B)
[1119/014248.262:WARNING:pe_image_reader.cc(302)] could not read dos header from C:\windows\SYSTEM32\USERENV.dll
[1119/014248.262:ERROR:process_reader_win.cc(242)] ReadMemory at 0x7fffefa10000 of 64 bytes failed: Solo se completó una parte de una solicitud ReadProcessMemory o WriteProcessMemory. (0x12B)
[1119/014248.262:WARNING:pe_image_reader.cc(302)] could not read dos header from C:\windows\SYSTEM32\WINMMBASE.dll
[1119/014248.262:ERROR:process_reader_win.cc(242)] ReadMemory at 0x7ffff1ec0000 of 64 bytes failed: Solo se completó una parte de una solicitud ReadProcessMemory o WriteProcessMemory. (0x12B)
[1119/014248.262:WARNING:pe_image_reader.cc(302)] could not read dos header from C:\windows\SYSTEM32\CRYPTBASE.DLL
[1119/014248.262:ERROR:process_reader_win.cc(242)] ReadMemory at 0x7ffff6180000 of 64 bytes failed: Solo se completó una parte de una solicitud ReadProcessMemory o WriteProcessMemory. (0x12B)
[1119/014248.262:WARNING:pe_image_reader.cc(302)] could not read dos header from C:\windows\System32\IMM32.DLL
[1119/014248.262:ERROR:process_reader_win.cc(242)] ReadMemory at 0x7fff75820000 of 64 bytes failed: Solo se completó una parte de una solicitud ReadProcessMemory o WriteProcessMemory. (0x12B)
[1119/014248.262:WARNING:pe_image_reader.cc(302)] could not read dos header from C:\Program Files (x86)\Google\Chrome\Application\70.0.3538.102\chrome_child.dll
[1119/014248.262:ERROR:process_reader_win.cc(242)] ReadMemory at 0x7ffff5b50000 of 64 bytes failed: Solo se completó una parte de una solicitud ReadProcessMemory o WriteProcessMemory. (0x12B)
[1119/014248.263:WARNING:pe_image_reader.cc(302)] could not read dos header from C:\windows\System32\WS2_32.dll
[1119/014248.263:ERROR:process_reader_win.cc(242)] ReadMemory at 0x7ffff5d90000 of 64 bytes failed: Solo se completó una parte de una solicitud ReadProcessMemory o WriteProcessMemory. (0x12B)
[1119/014248.263:WARNING:pe_image_reader.cc(302)] could not read dos header from C:\windows\System32\ole32.dll
[1119/014248.263:ERROR:process_reader_win.cc(242)] ReadMemory at 0x7ffff56f0000 of 64 bytes failed: Solo se completó una parte de una solicitud ReadProcessMemory o WriteProcessMemory. (0x12B)
[1119/014248.263:WARNING:pe_image_reader.cc(302)] could not read dos header from C:\windows\System32\OLEAUT32.dll
[1119/014248.263:ERROR:process_reader_win.cc(242)] ReadMemory at 0x7ffff25d0000 of 64 bytes failed: Solo se completó una parte de una solicitud ReadProcessMemory o WriteProcessMemory. (0x12B)
[1119/014248.263:WARNING:pe_image_reader.cc(302)] could not read dos header from C:\windows\System32\WINTRUST.dll
[1119/014248.263:ERROR:process_reader_win.cc(242)] ReadMemory at 0x7ffff2590000 of 64 bytes failed: Solo se completó una parte de una solicitud ReadProcessMemory o WriteProcessMemory. (0x12B)
[1119/014248.263:WARNING:pe_image_reader.cc(302)] could not read dos header from C:\windows\System32\MSASN1.dll
[1119/014248.263:ERROR:process_reader_win.cc(242)] ReadMemory at 0x7ffff3050000 of 64 bytes failed: Solo se completó una parte de una solicitud ReadProcessMemory o WriteProcessMemory. (0x12B)
[1119/014248.263:WARNING:pe_image_reader.cc(302)] could not read dos header from C:\windows\System32\CRYPT32.dll
[1119/014248.263:ERROR:process_reader_win.cc(242)] ReadMemory at 0x7ffff4fb0000 of 64 bytes failed: Solo se completó una parte de una solicitud ReadProcessMemory o WriteProcessMemory. (0x12B)
[1119/014248.264:WARNING:pe_image_reader.cc(302)] could not read dos header from C:\windows\System32\COMDLG32.dll
[1119/014248.264:ERROR:process_reader_win.cc(242)] ReadMemory at 0x7ffff1a90000 of 64 bytes failed: Solo se completó una parte de una solicitud ReadProcessMemory o WriteProcessMemory. (0x12B)
[1119/014248.264:WARNING:pe_image_reader.cc(302)] could not read dos header from C:\windows\SYSTEM32\IPHLPAPI.DLL
[1119/014248.264:ERROR:process_reader_win.cc(242)] ReadMemory at 0x7fffea580000 of 64 bytes failed: Solo se completó una parte de una solicitud ReadProcessMemory o WriteProcessMemory. (0x12B)
[1119/014248.264:WARNING:pe_image_reader.cc(302)] could not read dos header from C:\windows\SYSTEM32\msdmo.dll
[1119/014248.264:ERROR:process_reader_win.cc(242)] ReadMemory at 0x7fffe48e0000 of 64 bytes failed: Solo se completó una parte de una solicitud ReadProcessMemory o WriteProcessMemory. (0x12B)
[1119/014248.264:WARNING:pe_image_reader.cc(302)] could not read dos header from C:\windows\WinSxS\amd64_microsoft.windows.common-controls_6595b64144ccf1df_6.0.17134.407_none_fb449d63306391e9\COMCTL32.dll
[1119/014248.264:ERROR:process_reader_win.cc(242)] ReadMemory at 0x7fffcd880000 of 64 bytes failed: Solo se completó una parte de una solicitud ReadProcessMemory o WriteProcessMemory. (0x12B)
[1119/014248.264:WARNING:pe_image_reader.cc(302)] could not read dos header from C:\windows\SYSTEM32\DWrite.dll
[1119/014248.264:ERROR:process_reader_win.cc(242)] ReadMemory at 0x7fffe4bb0000 of 64 bytes failed: Solo se completó una parte de una solicitud ReadProcessMemory o WriteProcessMemory. (0x12B)
[1119/014248.264:WARNING:pe_image_reader.cc(302)] could not read dos header from C:\windows\SYSTEM32\WINSPOOL.DRV
[1119/014248.264:ERROR:process_reader_win.cc(242)] ReadMemory at 0x7ffff0f10000 of 64 bytes failed: Solo se completó una parte de una solicitud ReadProcessMemory o WriteProcessMemory. (0x12B)
[1119/014248.264:WARNING:pe_image_reader.cc(302)] could not read dos header from C:\windows\SYSTEM32\dbghelp.dll
[1119/014248.265:ERROR:process_reader_win.cc(242)] ReadMemory at 0x7fffe9270000 of 64 bytes failed: Solo se completó una parte de una solicitud ReadProcessMemory o WriteProcessMemory. (0x12B)
[1119/014248.265:WARNING:pe_image_reader.cc(302)] could not read dos header from C:\windows\SYSTEM32\USP10.dll
[1119/014248.265:ERROR:process_reader_win.cc(242)] ReadMemory at 0x7ffff12b0000 of 64 bytes failed: Solo se completó una parte de una solicitud ReadProcessMemory o WriteProcessMemory. (0x12B)
[1119/014248.265:WARNING:pe_image_reader.cc(302)] could not read dos header from C:\windows\SYSTEM32\dxgi.dll
[1119/014248.265:ERROR:process_reader_win.cc(242)] ReadMemory at 0x7fffe58f0000 of 64 bytes failed: Solo se completó una parte de una solicitud ReadProcessMemory o WriteProcessMemory. (0x12B)
[1119/014248.265:WARNING:pe_image_reader.cc(302)] could not read dos header from C:\windows\SYSTEM32\urlmon.dll
[1119/014248.265:ERROR:process_reader_win.cc(242)] ReadMemory at 0x7fffdecc0000 of 64 bytes failed: Solo se completó una parte de una solicitud ReadProcessMemory o WriteProcessMemory. (0x12B)
[1119/014248.265:WARNING:pe_image_reader.cc(302)] could not read dos header from C:\windows\SYSTEM32\Secur32.dll
[1119/014248.265:ERROR:process_reader_win.cc(242)] ReadMemory at 0x7fffe7ba0000 of 64 bytes failed: Solo se completó una parte de una solicitud ReadProcessMemory o WriteProcessMemory. (0x12B)
[1119/014248.265:WARNING:pe_image_reader.cc(302)] could not read dos header from C:\windows\SYSTEM32\WINHTTP.dll
[1119/014248.266:ERROR:process_reader_win.cc(242)] ReadMemory at 0x7fffe80b0000 of 64 bytes failed: Solo se completó una parte de una solicitud ReadProcessMemory o WriteProcessMemory. (0x12B)
[1119/014248.266:WARNING:pe_image_reader.cc(302)] could not read dos header from C:\windows\SYSTEM32\dhcpcsvc.DLL
[1119/014248.266:ERROR:process_reader_win.cc(242)] ReadMemory at 0x7ffff54f0000 of 64 bytes failed: Solo se completó una parte de una solicitud ReadProcessMemory o WriteProcessMemory. (0x12B)
[1119/014248.266:WARNING:pe_image_reader.cc(302)] could not read dos header from C:\windows\System32\NSI.dll
[1119/014248.266:ERROR:process_reader_win.cc(242)] ReadMemory at 0x7ffff0070000 of 64 bytes failed: Solo se completó una parte de una solicitud ReadProcessMemory o WriteProcessMemory. (0x12B)
[1119/014248.266:WARNING:pe_image_reader.cc(302)] could not read dos header from C:\windows\SYSTEM32\PROPSYS.dll
[1119/014248.266:ERROR:process_reader_win.cc(242)] ReadMemory at 0x7ffff1ff0000 of 64 bytes failed: Solo se completó una parte de una solicitud ReadProcessMemory o WriteProcessMemory. (0x12B)
[1119/014248.266:WARNING:pe_image_reader.cc(302)] could not read dos header from C:\windows\SYSTEM32\bcrypt.dll
[1119/014248.266:ERROR:process_reader_win.cc(242)] ReadMemory at 0x7fffe3600000 of 64 bytes failed: Solo se completó una parte de una solicitud ReadProcessMemory o WriteProcessMemory. (0x12B)
[1119/014248.266:WARNING:pe_image_reader.cc(302)] could not read dos header from C:\windows\SYSTEM32\iertutil.dll
[1119/014248.266:ERROR:process_reader_win.cc(242)] ReadMemory at 0x7ffff2420000 of 64 bytes failed: Solo se completó una parte de una solicitud ReadProcessMemory o WriteProcessMemory. (0x12B)
[1119/014248.267:WARNING:pe_image_reader.cc(302)] could not read dos header from C:\windows\SYSTEM32\SSPICLI.DLL
[1119/014249.027:ERROR:process_reader_win.cc(242)] ReadMemory at 0x7e1e3dd000 of 143360 bytes failed: Solo se completó una parte de una solicitud ReadProcessMemory o WriteProcessMemory. (0x12B)
[1119/014249.180:ERROR:process_reader_win.cc(242)] ReadMemory at 0x7e1e7fe000 of 8192 bytes failed: Solo se completó una parte de una solicitud ReadProcessMemory o WriteProcessMemory. (0x12B)
[1119/014249.181:ERROR:process_reader_win.cc(242)] ReadMemory at 0x7e1ebfe000 of 8192 bytes failed: Solo se completó una parte de una solicitud ReadProcessMemory o WriteProcessMemory. (0x12B)
[1119/014249.181:ERROR:process_reader_win.cc(242)] ReadMemory at 0x7e1edfe000 of 8192 bytes failed: Solo se completó una parte de una solicitud ReadProcessMemory o WriteProcessMemory. (0x12B)
[1119/014249.181:ERROR:process_reader_win.cc(242)] ReadMemory at 0x7e1effe000 of 8192 bytes failed: Solo se completó una parte de una solicitud ReadProcessMemory o WriteProcessMemory. (0x12B)
[1119/014249.181:ERROR:process_reader_win.cc(242)] ReadMemory at 0x7e1f1fc000 of 16384 bytes failed: Solo se completó una parte de una solicitud ReadProcessMemory o WriteProcessMemory. (0x12B)
[1119/014249.181:ERROR:process_reader_win.cc(242)] ReadMemory at 0x7e1f3fe000 of 8192 bytes failed: Solo se completó una parte de una solicitud ReadProcessMemory o WriteProcessMemory. (0x12B)
[1119/014249.182:ERROR:process_reader_win.cc(242)] ReadMemory at 0x7e1f5fe000 of 8192 bytes failed: Solo se completó una parte de una solicitud ReadProcessMemory o WriteProcessMemory. (0x12B)
[1119/014249.182:ERROR:process_reader_win.cc(242)] ReadMemory at 0x7e1f7fc000 of 16384 bytes failed: Solo se completó una parte de una solicitud ReadProcessMemory o WriteProcessMemory. (0x12B)
[1119/014249.182:ERROR:process_reader_win.cc(242)] ReadMemory at 0x7e1f9ec000 of 81920 bytes failed: Solo se completó una parte de una solicitud ReadProcessMemory o WriteProcessMemory. (0x12B)
[1119/014249.183:ERROR:process_reader_win.cc(242)] ReadMemory at 0x7e1fbec000 of 81920 bytes failed: Solo se completó una parte de una solicitud ReadProcessMemory o WriteProcessMemory. (0x12B)
[1119/014249.183:ERROR:process_reader_win.cc(242)] ReadMemory at 0x7e1fdfe000 of 8192 bytes failed: Solo se completó una parte de una solicitud ReadProcessMemory o WriteProcessMemory. (0x12B)
[1119/014249.183:ERROR:process_reader_win.cc(242)] ReadMemory at 0x7e203f4000 of 49152 bytes failed: Solo se completó una parte de una solicitud ReadProcessMemory o WriteProcessMemory. (0x12B)
[1119/014249.184:ERROR:process_reader_win.cc(242)] ReadMemory at 0x7e207f6000 of 40960 bytes failed: Solo se completó una parte de una solicitud ReadProcessMemory o WriteProcessMemory. (0x12B)
[1119/014249.184:ERROR:process_reader_win.cc(242)] ReadMemory at 0x7e201fe000 of 8192 bytes failed: Solo se completó una parte de una solicitud ReadProcessMemory o WriteProcessMemory. (0x12B)
[1119/014249.184:ERROR:process_reader_win.cc(242)] ReadMemory at 0x7e1fffd000 of 12288 bytes failed: Solo se completó una parte de una solicitud ReadProcessMemory o WriteProcessMemory. (0x12B)
[1119/014249.185:ERROR:process_reader_win.cc(242)] ReadMemory at 0x7e1e5fe000 of 8192 bytes failed: Solo se completó una parte de una solicitud ReadProcessMemory o WriteProcessMemory. (0x12B)
[1119/014249.185:ERROR:process_reader_win.cc(242)] ReadMemory at 0x7e1e9fe000 of 8192 bytes failed: Solo se completó una parte de una solicitud ReadProcessMemory o WriteProcessMemory. (0x12B)
[1119/014249.185:ERROR:process_reader_win.cc(242)] ReadMemory at 0x7e1e085000 of 852 bytes failed: Solo se completó una parte de una solicitud ReadProcessMemory o WriteProcessMemory. (0x12B)
[1119/014249.185:ERROR:process_reader_win.cc(242)] ReadMemory at 0x7e1e086000 of 6024 bytes failed: Solo se completó una parte de una solicitud ReadProcessMemory o WriteProcessMemory. (0x12B)
[1119/014249.186:ERROR:process_reader_win.cc(242)] ReadMemory at 0x7e1e08a000 of 6024 bytes failed: Solo se completó una parte de una solicitud ReadProcessMemory o WriteProcessMemory. (0x12B)
[1119/014249.186:ERROR:process_reader_win.cc(242)] ReadMemory at 0x7e1e08e000 of 6024 bytes failed: Solo se completó una parte de una solicitud ReadProcessMemory o WriteProcessMemory. (0x12B)
[1119/014249.186:ERROR:process_reader_win.cc(242)] ReadMemory at 0x7e1e090000 of 6024 bytes failed: Solo se completó una parte de una solicitud ReadProcessMemory o WriteProcessMemory. (0x12B)
[1119/014249.186:ERROR:process_reader_win.cc(242)] ReadMemory at 0x7e1e092000 of 6024 bytes failed: Solo se completó una parte de una solicitud ReadProcessMemory o WriteProcessMemory. (0x12B)
[1119/014249.187:ERROR:process_reader_win.cc(242)] ReadMemory at 0x7e1e094000 of 6024 bytes failed: Solo se completó una parte de una solicitud ReadProcessMemory o WriteProcessMemory. (0x12B)
[1119/014249.187:ERROR:process_reader_win.cc(242)] ReadMemory at 0x7e1e096000 of 6024 bytes failed: Solo se completó una parte de una solicitud ReadProcessMemory o WriteProcessMemory. (0x12B)
[1119/014249.187:ERROR:process_reader_win.cc(242)] ReadMemory at 0x7e1e098000 of 6024 bytes failed: Solo se completó una parte de una solicitud ReadProcessMemory o WriteProcessMemory. (0x12B)
[1119/014249.187:ERROR:process_reader_win.cc(242)] ReadMemory at 0x7e1e09a000 of 6024 bytes failed: Solo se completó una parte de una solicitud ReadProcessMemory o WriteProcessMemory. (0x12B)
[1119/014249.188:ERROR:process_reader_win.cc(242)] ReadMemory at 0x7e1e09c000 of 6024 bytes failed: Solo se completó una parte de una solicitud ReadProcessMemory o WriteProcessMemory. (0x12B)
[1119/014249.188:ERROR:process_reader_win.cc(242)] ReadMemory at 0x7e1e09e000 of 6024 bytes failed: Solo se completó una parte de una solicitud ReadProcessMemory o WriteProcessMemory. (0x12B)
[1119/014249.188:ERROR:process_reader_win.cc(242)] ReadMemory at 0x7e1e0a0000 of 6024 bytes failed: Solo se completó una parte de una solicitud ReadProcessMemory o WriteProcessMemory. (0x12B)
[1119/014249.188:ERROR:process_reader_win.cc(242)] ReadMemory at 0x7e1e0a6000 of 6024 bytes failed: Solo se completó una parte de una solicitud ReadProcessMemory o WriteProcessMemory. (0x12B)
[1119/014249.189:ERROR:process_reader_win.cc(242)] ReadMemory at 0x7e1e0ce000 of 6024 bytes failed: Solo se completó una parte de una solicitud ReadProcessMemory o WriteProcessMemory. (0x12B)
[1119/014249.189:ERROR:process_reader_win.cc(242)] ReadMemory at 0x7e1e0d0000 of 6024 bytes failed: Solo se completó una parte de una solicitud ReadProcessMemory o WriteProcessMemory. (0x12B)
[1119/014249.189:ERROR:process_reader_win.cc(242)] ReadMemory at 0x7e1e14a000 of 6024 bytes failed: Solo se completó una parte de una solicitud ReadProcessMemory o WriteProcessMemory. (0x12B)
[1119/014249.189:ERROR:process_reader_win.cc(242)] ReadMemory at 0x7e1e152000 of 6024 bytes failed: Solo se completó una parte de una solicitud ReadProcessMemory o WriteProcessMemory. (0x12B)
[1119/014249.190:ERROR:process_reader_win.cc(242)] ReadMemory at 0x7e1e154000 of 6024 bytes failed: Solo se completó una parte de una solicitud ReadProcessMemory o WriteProcessMemory. (0x12B)
[1119/014249.190:ERROR:process_reader_win.cc(242)] ReadMemory at 0xe4972ed3a1 of 512 bytes failed: Solo se completó una parte de una solicitud ReadProcessMemory o WriteProcessMemory. (0x12B)
[1119/014249.190:ERROR:process_reader_win.cc(242)] ReadMemory at 0x2669e9d0fc0 of 7512 bytes failed: Solo se completó una parte de una solicitud ReadProcessMemory o WriteProcessMemory. (0x12B)
[1119/014249.191:ERROR:process_reader_win.cc(242)] ReadMemory at 0x2669e9d2d20 of 1012 bytes failed: Solo se completó una parte de una solicitud ReadProcessMemory o WriteProcessMemory. (0x12B)
[1119/014249.191:ERROR:process_reader_win.cc(242)] ReadMemory at 0x2669e9d3338 of 118 bytes failed: Solo se completó una parte de una solicitud ReadProcessMemory o WriteProcessMemory. (0x12B)
[1119/014249.191:ERROR:process_reader_win.cc(242)] ReadMemory at 0x2669e9d33b0 of 1498 bytes failed: Solo se completó una parte de una solicitud ReadProcessMemory o WriteProcessMemory. (0x12B)
[1119/014249.191:ERROR:process_reader_win.cc(242)] ReadMemory at 0x2669e9d398c of 118 bytes failed: Solo se completó una parte de una solicitud ReadProcessMemory o WriteProcessMemory. (0x12B)
[1119/014249.191:ERROR:process_reader_win.cc(242)] ReadMemory at 0x2669e9d3a04 of 100 bytes failed: Solo se completó una parte de una solicitud ReadProcessMemory o WriteProcessMemory. (0x12B)
[1119/014249.191:ERROR:process_reader_win.cc(242)] ReadMemory at 0x2669e9d3a80 of 58 bytes failed: Solo se completó una parte de una solicitud ReadProcessMemory o WriteProcessMemory. (0x12B)
[1119/014249.192:ERROR:process_reader_win.cc(242)] ReadMemory at 0x2669e9d3b80 of 132 bytes failed: Solo se completó una parte de una solicitud ReadProcessMemory o WriteProcessMemory. (0x12B)
[1119/014249.192:ERROR:process_reader_win.cc(242)] ReadMemory at 0x2669e9d3d10 of 132 bytes failed: Solo se completó una parte de una solicitud ReadProcessMemory o WriteProcessMemory. (0x12B)
[1119/014249.192:ERROR:process_reader_win.cc(242)] ReadMemory at 0x2669e9d3ed0 of 126 bytes failed: Solo se completó una parte de una solicitud ReadProcessMemory o WriteProcessMemory. (0x12B)
[1119/014249.192:ERROR:process_reader_win.cc(242)] ReadMemory at 0x2669e9d42b0 of 132 bytes failed: Solo se completó una parte de una solicitud ReadProcessMemory o WriteProcessMemory. (0x12B)
[1119/014249.192:ERROR:process_reader_win.cc(242)] ReadMemory at 0x2669e9d4440 of 64 bytes failed: Solo se completó una parte de una solicitud ReadProcessMemory o WriteProcessMemory. (0x12B)
[1119/014249.192:ERROR:process_reader_win.cc(242)] ReadMemory at 0x2669e9d45a0 of 132 bytes failed: Solo se completó una parte de una solicitud ReadProcessMemory o WriteProcessMemory. (0x12B)
[1119/014249.192:ERROR:process_reader_win.cc(242)] ReadMemory at 0x2669e9d47a0 of 62 bytes failed: Solo se completó una parte de una solicitud ReadProcessMemory o WriteProcessMemory. (0x12B)
[1119/014249.193:ERROR:process_reader_win.cc(242)] ReadMemory at 0x2669e9d4890 of 132 bytes failed: Solo se completó una parte de una solicitud ReadProcessMemory o WriteProcessMemory. (0x12B)
[1119/014249.193:ERROR:process_reader_win.cc(242)] ReadMemory at 0x2669e9d4a20 of 68 bytes failed: Solo se completó una parte de una solicitud ReadProcessMemory o WriteProcessMemory. (0x12B)
[1119/014249.193:ERROR:process_reader_win.cc(242)] ReadMemory at 0x2669e9daf80 of 132 bytes failed: Solo se completó una parte de una solicitud ReadProcessMemory o WriteProcessMemory. (0x12B)
[1119/014249.193:ERROR:process_reader_win.cc(242)] ReadMemory at 0x2669e9db1c0 of 132 bytes failed: Solo se completó una parte de una solicitud ReadProcessMemory o WriteProcessMemory. (0x12B)
[1119/014249.193:ERROR:process_reader_win.cc(242)] ReadMemory at 0x2669e9db350 of 62 bytes failed: Solo se completó una parte de una solicitud ReadProcessMemory o WriteProcessMemory. (0x12B)
[1119/014249.193:ERROR:process_reader_win.cc(242)] ReadMemory at 0x2669e9dcac0 of 132 bytes failed: Solo se completó una parte de una solicitud ReadProcessMemory o WriteProcessMemory. (0x12B)
[1119/014249.194:ERROR:process_reader_win.cc(242)] ReadMemory at 0x2669e9dcc50 of 60 bytes failed: Solo se completó una parte de una solicitud ReadProcessMemory o WriteProcessMemory. (0x12B)
[1119/014249.194:ERROR:process_reader_win.cc(242)] ReadMemory at 0x2669e9dcea0 of 132 bytes failed: Solo se completó una parte de una solicitud ReadProcessMemory o WriteProcessMemory. (0x12B)
[1119/014249.194:ERROR:process_reader_win.cc(242)] ReadMemory at 0x2669e9dd030 of 64 bytes failed: Solo se completó una parte de una solicitud ReadProcessMemory o WriteProcessMemory. (0x12B)
[1119/014249.194:ERROR:process_reader_win.cc(242)] ReadMemory at 0x2669e9dd2b0 of 132 bytes failed: Solo se completó una parte de una solicitud ReadProcessMemory o WriteProcessMemory. (0x12B)
[1119/014249.194:ERROR:process_reader_win.cc(242)] ReadMemory at 0x2669e9dd440 of 64 bytes failed: Solo se completó una parte de una solicitud ReadProcessMemory o WriteProcessMemory. (0x12B)
[1119/014249.194:ERROR:process_reader_win.cc(242)] ReadMemory at 0x2669e9dd6a0 of 132 bytes failed: Solo se completó una parte de una solicitud ReadProcessMemory o WriteProcessMemory. (0x12B)
[1119/014249.194:ERROR:process_reader_win.cc(242)] ReadMemory at 0x2669e9dd830 of 60 bytes failed: Solo se completó una parte de una solicitud ReadProcessMemory o WriteProcessMemory. (0x12B)
[1119/014249.195:ERROR:process_reader_win.cc(242)] ReadMemory at 0x2669e9ddb50 of 132 bytes failed: Solo se completó una parte de una solicitud ReadProcessMemory o WriteProcessMemory. (0x12B)
[1119/014249.195:ERROR:process_reader_win.cc(242)] ReadMemory at 0x2669e9ddce0 of 60 bytes failed: Solo se completó una parte de una solicitud ReadProcessMemory o WriteProcessMemory. (0x12B)
[1119/014249.195:ERROR:process_reader_win.cc(242)] ReadMemory at 0x2669e9ddf20 of 132 bytes failed: Solo se completó una parte de una solicitud ReadProcessMemory o WriteProcessMemory. (0x12B)
[1119/014249.195:ERROR:process_reader_win.cc(242)] ReadMemory at 0x2669e9de0b0 of 62 bytes failed: Solo se completó una parte de una solicitud ReadProcessMemory o WriteProcessMemory. (0x12B)
[1119/014249.195:ERROR:process_reader_win.cc(242)] ReadMemory at 0x2669e9dec00 of 132 bytes failed: Solo se completó una parte de una solicitud ReadProcessMemory o WriteProcessMemory. (0x12B)
[1119/014249.195:ERROR:process_reader_win.cc(242)] ReadMemory at 0x2669e9df020 of 78 bytes failed: Solo se completó una parte de una solicitud ReadProcessMemory o WriteProcessMemory. (0x12B)
[1119/014249.196:ERROR:process_reader_win.cc(242)] ReadMemory at 0x2669e9df320 of 76 bytes failed: Solo se completó una parte de una solicitud ReadProcessMemory o WriteProcessMemory. (0x12B)
[1119/014249.196:ERROR:process_reader_win.cc(242)] ReadMemory at 0x2669e9df3e0 of 80 bytes failed: Solo se completó una parte de una solicitud ReadProcessMemory o WriteProcessMemory. (0x12B)
[1119/014249.196:ERROR:process_reader_win.cc(242)] ReadMemory at 0x2669e9df6d0 of 132 bytes failed: Solo se completó una parte de una solicitud ReadProcessMemory o WriteProcessMemory. (0x12B)
[1119/014249.196:ERROR:process_reader_win.cc(242)] ReadMemory at 0x2669e9dfbb0 of 132 bytes failed: Solo se completó una parte de una solicitud ReadProcessMemory o WriteProcessMemory. (0x12B)
[1119/014249.196:ERROR:process_reader_win.cc(242)] ReadMemory at 0x2669e9dfce0 of 64 bytes failed: Solo se completó una parte de una solicitud ReadProcessMemory o WriteProcessMemory. (0x12B)
[1119/014249.227:ERROR:process_reader_win.cc(242)] ReadMemory at 0x2669e9e0e50 of 132 bytes failed: Solo se completó una parte de una solicitud ReadProcessMemory o WriteProcessMemory. (0x12B)
[1119/014249.227:ERROR:process_reader_win.cc(242)] ReadMemory at 0x2669e9e1020 of 64 bytes failed: Solo se completó una parte de una solicitud ReadProcessMemory o WriteProcessMemory. (0x12B)
[1119/014249.227:ERROR:process_reader_win.cc(242)] ReadMemory at 0x2669e9e1160 of 66 bytes failed: Solo se completó una parte de una solicitud ReadProcessMemory o WriteProcessMemory. (0x12B)
[1119/014249.227:ERROR:process_reader_win.cc(242)] ReadMemory at 0x2669e9e11b0 of 58 bytes failed: Solo se completó una parte de una solicitud ReadProcessMemory o WriteProcessMemory. (0x12B)
[1119/014249.227:ERROR:process_reader_win.cc(242)] ReadMemory at 0x2669e9e1250 of 58 bytes failed: Solo se completó una parte de una solicitud ReadProcessMemory o WriteProcessMemory. (0x12B)
[1119/014249.228:ERROR:process_reader_win.cc(242)] ReadMemory at 0x2669e9e12a0 of 60 bytes failed: Solo se completó una parte de una solicitud ReadProcessMemory o WriteProcessMemory. (0x12B)
[1119/014249.228:ERROR:process_reader_win.cc(242)] ReadMemory at 0x2669e9e12f0 of 60 bytes failed: Solo se completó una parte de una solicitud ReadProcessMemory o WriteProcessMemory. (0x12B)
[1119/014249.228:ERROR:process_reader_win.cc(242)] ReadMemory at 0x2669e9e1390 of 66 bytes failed: Solo se completó una parte de una solicitud ReadProcessMemory o WriteProcessMemory. (0x12B)
[1119/014249.228:ERROR:process_reader_win.cc(242)] ReadMemory at 0x2669e9e13e0 of 62 bytes failed: Solo se completó una parte de una solicitud ReadProcessMemory o WriteProcessMemory. (0x12B)
[1119/014249.228:ERROR:process_reader_win.cc(242)] ReadMemory at 0x2669e9e1480 of 60 bytes failed: Solo se completó una parte de una solicitud ReadProcessMemory o WriteProcessMemory. (0x12B)
[1119/014249.228:ERROR:process_reader_win.cc(242)] ReadMemory at 0x2669e9e1570 of 64 bytes failed: Solo se completó una parte de una solicitud ReadProcessMemory o WriteProcessMemory. (0x12B)
[1119/014249.228:ERROR:process_reader_win.cc(242)] ReadMemory at 0x2669e9e1660 of 62 bytes failed: Solo se completó una parte de una solicitud ReadProcessMemory o WriteProcessMemory. (0x12B)
[1119/014249.229:ERROR:process_reader_win.cc(242)] ReadMemory at 0x2669e9e16b0 of 62 bytes failed: Solo se completó una parte de una solicitud ReadProcessMemory o WriteProcessMemory. (0x12B)
[1119/014249.229:ERROR:process_reader_win.cc(242)] ReadMemory at 0x2669e9e1790 of 158 bytes failed: Solo se completó una parte de una solicitud ReadProcessMemory o WriteProcessMemory. (0x12B)
[1119/014249.229:ERROR:process_reader_win.cc(242)] ReadMemory at 0x2669e9e18b0 of 132 bytes failed: Solo se completó una parte de una solicitud ReadProcessMemory o WriteProcessMemory. (0x12B)
[1119/014249.229:ERROR:process_reader_win.cc(242)] ReadMemory at 0x2669e9e19e0 of 132 bytes failed: Solo se completó una parte de una solicitud ReadProcessMemory o WriteProcessMemory. (0x12B)
[1119/014249.229:ERROR:process_reader_win.cc(242)] ReadMemory at 0x2669e9e1b10 of 132 bytes failed: Solo se completó una parte de una solicitud ReadProcessMemory o WriteProcessMemory. (0x12B)
[1119/014249.229:ERROR:process_reader_win.cc(242)] ReadMemory at 0x2669e9e1c40 of 132 bytes failed: Solo se completó una parte de una solicitud ReadProcessMemory o WriteProcessMemory. (0x12B)
[1119/014249.229:ERROR:process_reader_win.cc(242)] ReadMemory at 0x2669e9e1d70 of 132 bytes failed: Solo se completó una parte de una solicitud ReadProcessMemory o WriteProcessMemory. (0x12B)
[1119/014249.230:ERROR:process_reader_win.cc(242)] ReadMemory at 0x2669e9e1ea0 of 132 bytes failed: Solo se completó una parte de una solicitud ReadProcessMemory o WriteProcessMemory. (0x12B)
[1119/014249.230:ERROR:process_reader_win.cc(242)] ReadMemory at 0x2669e9e1fd0 of 132 bytes failed: Solo se completó una parte de una solicitud ReadProcessMemory o WriteProcessMemory. (0x12B)
[1119/014249.230:ERROR:process_reader_win.cc(242)] ReadMemory at 0x2669e9e2100 of 132 bytes failed: Solo se completó una parte de una solicitud ReadProcessMemory o WriteProcessMemory. (0x12B)
[1119/014249.230:ERROR:process_reader_win.cc(242)] ReadMemory at 0x2669e9e2230 of 132 bytes failed: Solo se completó una parte de una solicitud ReadProcessMemory o WriteProcessMemory. (0x12B)
[1119/014249.230:ERROR:process_reader_win.cc(242)] ReadMemory at 0x2669e9e2360 of 132 bytes failed: Solo se completó una parte de una solicitud ReadProcessMemory o WriteProcessMemory. (0x12B)
[1119/014249.230:ERROR:process_reader_win.cc(242)] ReadMemory at 0x2669e9e2490 of 132 bytes failed: Solo se completó una parte de una solicitud ReadProcessMemory o WriteProcessMemory. (0x12B)
[1119/014249.231:ERROR:process_reader_win.cc(242)] ReadMemory at 0x2669e9e25c0 of 132 bytes failed: Solo se completó una parte de una solicitud ReadProcessMemory o WriteProcessMemory. (0x12B)
[1119/014249.231:ERROR:process_reader_win.cc(242)] ReadMemory at 0x2669e9e26f0 of 132 bytes failed: Solo se completó una parte de una solicitud ReadProcessMemory o WriteProcessMemory. (0x12B)
[1119/014249.231:ERROR:process_reader_win.cc(242)] ReadMemory at 0x2669e9e4300 of 132 bytes failed: Solo se completó una parte de una solicitud ReadProcessMemory o WriteProcessMemory. (0x12B)
[1119/014249.231:ERROR:process_reader_win.cc(242)] ReadMemory at 0x2669e9e4430 of 132 bytes failed: Solo se completó una parte de una solicitud ReadProcessMemory o WriteProcessMemory. (0x12B)
[1119/014249.231:ERROR:process_reader_win.cc(242)] ReadMemory at 0x2669e9e4560 of 132 bytes failed: Solo se completó una parte de una solicitud ReadProcessMemory o WriteProcessMemory. (0x12B)
[1119/014249.231:ERROR:process_reader_win.cc(242)] ReadMemory at 0x2669e9e4690 of 132 bytes failed: Solo se completó una parte de una solicitud ReadProcessMemory o WriteProcessMemory. (0x12B)
[1119/014249.232:ERROR:process_reader_win.cc(242)] ReadMemory at 0x2669e9e47c0 of 132 bytes failed: Solo se completó una parte de una solicitud ReadProcessMemory o WriteProcessMemory. (0x12B)
[1119/014249.232:ERROR:process_reader_win.cc(242)] ReadMemory at 0x2669e9e48f0 of 132 bytes failed: Solo se completó una parte de una solicitud ReadProcessMemory o WriteProcessMemory. (0x12B)
[1119/014249.232:ERROR:process_reader_win.cc(242)] ReadMemory at 0x2669e9e4a20 of 132 bytes failed: Solo se completó una parte de una solicitud ReadProcessMemory o WriteProcessMemory. (0x12B)
[1119/014249.232:ERROR:process_reader_win.cc(242)] ReadMemory at 0x2669e9e4b50 of 132 bytes failed: Solo se completó una parte de una solicitud ReadProcessMemory o WriteProcessMemory. (0x12B)
[1119/014249.232:ERROR:process_reader_win.cc(242)] ReadMemory at 0x2669e9e4c80 of 132 bytes failed: Solo se completó una parte de una solicitud ReadProcessMemory o WriteProcessMemory. (0x12B)
[1119/014249.232:ERROR:process_reader_win.cc(242)] ReadMemory at 0x2669e9e4db0 of 132 bytes failed: Solo se completó una parte de una solicitud ReadProcessMemory o WriteProcessMemory. (0x12B)
[1119/014249.233:ERROR:process_reader_win.cc(242)] ReadMemory at 0x2669e9e4ee0 of 132 bytes failed: Solo se completó una parte de una solicitud ReadProcessMemory o WriteProcessMemory. (0x12B)
[1119/014249.233:ERROR:process_reader_win.cc(242)] ReadMemory at 0x2669e9e5010 of 132 bytes failed: Solo se completó una parte de una solicitud ReadProcessMemory o WriteProcessMemory. (0x12B)
[1119/014249.233:ERROR:process_reader_win.cc(242)] ReadMemory at 0x2669e9e5140 of 132 bytes failed: Solo se completó una parte de una solicitud ReadProcessMemory o WriteProcessMemory. (0x12B)
[1119/014249.233:ERROR:process_reader_win.cc(242)] ReadMemory at 0x2669e9e5270 of 132 bytes failed: Solo se completó una parte de una solicitud ReadProcessMemory o WriteProcessMemory. (0x12B)
[1119/014249.233:ERROR:process_reader_win.cc(242)] ReadMemory at 0x2669e9e53a0 of 132 bytes failed: Solo se completó una parte de una solicitud ReadProcessMemory o WriteProcessMemory. (0x12B)
[1119/014249.233:ERROR:process_reader_win.cc(242)] ReadMemory at 0x2669e9e54d0 of 132 bytes failed: Solo se completó una parte de una solicitud ReadProcessMemory o WriteProcessMemory. (0x12B)
[1119/014249.234:ERROR:process_reader_win.cc(242)] ReadMemory at 0x2669e9e5730 of 132 bytes failed: Solo se completó una parte de una solicitud ReadProcessMemory o WriteProcessMemory. (0x12B)
[1119/014249.234:ERROR:process_reader_win.cc(242)] ReadMemory at 0x2669e9e5860 of 132 bytes failed: Solo se completó una parte de una solicitud ReadProcessMemory o WriteProcessMemory. (0x12B)
[1119/014249.234:ERROR:process_reader_win.cc(242)] ReadMemory at 0x2669e9e5990 of 132 bytes failed: Solo se completó una parte de una solicitud ReadProcessMemory o WriteProcessMemory. (0x12B)
[1119/014249.234:ERROR:process_reader_win.cc(242)] ReadMemory at 0x2669e9e5ac0 of 132 bytes failed: Solo se completó una parte de una solicitud ReadProcessMemory o WriteProcessMemory. (0x12B)
[1119/014249.234:ERROR:process_reader_win.cc(242)] ReadMemory at 0x2669e9e5bf0 of 132 bytes failed: Solo se completó una parte de una solicitud ReadProcessMemory o WriteProcessMemory. (0x12B)
[1119/014249.234:ERROR:process_reader_win.cc(242)] ReadMemory at 0x2669e9e5d20 of 132 bytes failed: Solo se completó una parte de una solicitud ReadProcessMemory o WriteProcessMemory. (0x12B)
[1119/014249.235:ERROR:process_reader_win.cc(242)] ReadMemory at 0x2669e9e5e50 of 132 bytes failed: Solo se completó una parte de una solicitud ReadProcessMemory o WriteProcessMemory. (0x12B)
[1119/014249.235:ERROR:process_reader_win.cc(242)] ReadMemory at 0x2669e9e5f80 of 132 bytes failed: Solo se completó una parte de una solicitud ReadProcessMemory o WriteProcessMemory. (0x12B)
[1119/014249.235:ERROR:process_reader_win.cc(242)] ReadMemory at 0x2669e9e60b0 of 132 bytes failed: Solo se completó una parte de una solicitud ReadProcessMemory o WriteProcessMemory. (0x12B)
[1119/014249.235:ERROR:process_reader_win.cc(242)] ReadMemory at 0x2669e9e72d0 of 154 bytes failed: Solo se completó una parte de una solicitud ReadProcessMemory o WriteProcessMemory. (0x12B)
[1119/014249.235:ERROR:process_reader_win.cc(242)] ReadMemory at 0x2669e9ea9b0 of 66 bytes failed: Solo se completó una parte de una solicitud ReadProcessMemory o WriteProcessMemory. (0x12B)
[1119/014249.235:ERROR:process_reader_win.cc(242)] ReadMemory at 0x2669e9eaa00 of 58 bytes failed: Solo se completó una parte de una solicitud ReadProcessMemory o WriteProcessMemory. (0x12B)
[1119/014249.236:ERROR:process_reader_win.cc(242)] ReadMemory at 0x2669e9eacd0 of 60 bytes failed: Solo se completó una parte de una solicitud ReadProcessMemory o WriteProcessMemory. (0x12B)
[1119/014249.236:ERROR:process_reader_win.cc(242)] ReadMemory at 0x2669e9ead70 of 58 bytes failed: Solo se completó una parte de una solicitud ReadProcessMemory o WriteProcessMemory. (0x12B)
[1119/014249.236:ERROR:process_reader_win.cc(242)] ReadMemory at 0x2669e9eae60 of 64 bytes failed: Solo se completó una parte de una solicitud ReadProcessMemory o WriteProcessMemory. (0x12B)
[1119/014249.236:ERROR:process_reader_win.cc(242)] ReadMemory at 0x2669e9eaf00 of 62 bytes failed: Solo se completó una parte de una solicitud ReadProcessMemory o WriteProcessMemory. (0x12B)
[1119/014249.236:ERROR:process_reader_win.cc(242)] ReadMemory at 0x2669e9eaf50 of 60 bytes failed: Solo se completó una parte de una solicitud ReadProcessMemory o WriteProcessMemory. (0x12B)
[1119/014249.236:ERROR:process_reader_win.cc(242)] ReadMemory at 0x2669e9eafa0 of 62 bytes failed: Solo se completó una parte de una solicitud ReadProcessMemory o WriteProcessMemory. (0x12B)
[1119/014249.236:ERROR:process_reader_win.cc(242)] ReadMemory at 0x2669e9eb130 of 64 bytes failed: Solo se completó una parte de una solicitud ReadProcessMemory o WriteProcessMemory. (0x12B)
[1119/014249.237:ERROR:process_reader_win.cc(242)] ReadMemory at 0x2669e9eb180 of 58 bytes failed: Solo se completó una parte de una solicitud ReadProcessMemory o WriteProcessMemory. (0x12B)
[1119/014249.237:ERROR:process_reader_win.cc(242)] ReadMemory at 0x2669e9eb3b0 of 62 bytes failed: Solo se completó una parte de una solicitud ReadProcessMemory o WriteProcessMemory. (0x12B)
[1119/014249.237:ERROR:process_reader_win.cc(242)] ReadMemory at 0x2669e9eb400 of 66 bytes failed: Solo se completó una parte de una solicitud ReadProcessMemory o WriteProcessMemory. (0x12B)
[1119/014249.237:ERROR:process_reader_win.cc(242)] ReadMemory at 0x2669e9f50f0 of 54 bytes failed: Solo se completó una parte de una solicitud ReadProcessMemory o WriteProcessMemory. (0x12B)
[1119/014249.237:ERROR:process_reader_win.cc(242)] ReadMemory at 0x2669e9f8a60 of 246 bytes failed: Solo se completó una parte de una solicitud ReadProcessMemory o WriteProcessMemory. (0x12B)
[1119/014249.237:ERROR:process_reader_win.cc(242)] ReadMemory at 0x2669e9fa830 of 64 bytes failed: Solo se completó una parte de una solicitud ReadProcessMemory o WriteProcessMemory. (0x12B)
[1119/014249.237:ERROR:process_reader_win.cc(242)] ReadMemory at 0x2669e9fa880 of 56 bytes failed: Solo se completó una parte de una solicitud ReadProcessMemory o WriteProcessMemory. (0x12B)
[1119/014249.238:ERROR:process_reader_win.cc(242)] ReadMemory at 0x2669e9fa8d0 of 60 bytes failed: Solo se completó una parte de una solicitud ReadProcessMemory o WriteProcessMemory. (0x12B)
[1119/014249.238:ERROR:process_reader_win.cc(242)] ReadMemory at 0x2669e9fa970 of 62 bytes failed: Solo se completó una parte de una solicitud ReadProcessMemory o WriteProcessMemory. (0x12B)
[1119/014249.238:ERROR:process_reader_win.cc(242)] ReadMemory at 0x2669e9faa10 of 60 bytes failed: Solo se completó una parte de una solicitud ReadProcessMemory o WriteProcessMemory. (0x12B)
[1119/014249.238:ERROR:process_reader_win.cc(242)] ReadMemory at 0x2669e9fab00 of 62 bytes failed: Solo se completó una parte de una solicitud ReadProcessMemory o WriteProcessMemory. (0x12B)
[1119/014249.238:ERROR:process_reader_win.cc(242)] ReadMemory at 0x2669e9fabf0 of 58 bytes failed: Solo se completó una parte de una solicitud ReadProcessMemory o WriteProcessMemory. (0x12B)
[1119/014249.239:ERROR:process_reader_win.cc(242)] ReadMemory at 0x2669e9fafb0 of 58 bytes failed: Solo se completó una parte de una solicitud ReadProcessMemory o WriteProcessMemory. (0x12B)
[1119/014249.239:ERROR:process_reader_win.cc(242)] ReadMemory at 0x2669e9fb0a0 of 64 bytes failed: Solo se completó una parte de una solicitud ReadProcessMemory o WriteProcessMemory. (0x12B)
[1119/014249.239:ERROR:process_reader_win.cc(242)] ReadMemory at 0x2669e9fb230 of 64 bytes failed: Solo se completó una parte de una solicitud ReadProcessMemory o WriteProcessMemory. (0x12B)
[1119/014249.239:ERROR:process_reader_win.cc(242)] ReadMemory at 0x2669e9fb280 of 62 bytes failed: Solo se completó una parte de una solicitud ReadProcessMemory o WriteProcessMemory. (0x12B)
[1119/014249.239:ERROR:process_reader_win.cc(242)] ReadMemory at 0x2669e9fb500 of 60 bytes failed: Solo se completó una parte de una solicitud ReadProcessMemory o WriteProcessMemory. (0x12B)
[1119/014249.239:ERROR:process_reader_win.cc(242)] ReadMemory at 0x2669e9fb550 of 62 bytes failed: Solo se completó una parte de una solicitud ReadProcessMemory o WriteProcessMemory. (0x12B)
[1119/014249.240:ERROR:process_reader_win.cc(242)] ReadMemory at 0x2669e9fb6e0 of 64 bytes failed: Solo se completó una parte de una solicitud ReadProcessMemory o WriteProcessMemory. (0x12B)
[1119/014249.240:ERROR:process_reader_win.cc(242)] ReadMemory at 0x2669e9fb730 of 62 bytes failed: Solo se completó una parte de una solicitud ReadProcessMemory o WriteProcessMemory. (0x12B)
[1119/014249.240:ERROR:process_reader_win.cc(242)] ReadMemory at 0x2669e9fba50 of 132 bytes failed: Solo se completó una parte de una solicitud ReadProcessMemory o WriteProcessMemory. (0x12B)
[1119/014249.240:ERROR:process_reader_win.cc(242)] ReadMemory at 0x2669e9fbb80 of 132 bytes failed: Solo se completó una parte de una solicitud ReadProcessMemory o WriteProcessMemory. (0x12B)
[1119/014249.240:ERROR:process_reader_win.cc(242)] ReadMemory at 0x2669e9fc3d0 of 132 bytes failed: Solo se completó una parte de una solicitud ReadProcessMemory o WriteProcessMemory. (0x12B)
[1119/014249.240:ERROR:process_reader_win.cc(242)] ReadMemory at 0x2669e9fd5a0 of 132 bytes failed: Solo se completó una parte de una solicitud ReadProcessMemory o WriteProcessMemory. (0x12B)
[1119/014249.241:ERROR:process_reader_win.cc(242)] ReadMemory at 0x2669ea0c390 of 512 bytes failed: Solo se completó una parte de una solicitud ReadProcessMemory o WriteProcessMemory. (0x12B)
[1119/014249.241:ERROR:process_reader_win.cc(242)] ReadMemory at 0x2669ea0dfe0 of 512 bytes failed: Solo se completó una parte de una solicitud ReadProcessMemory o WriteProcessMemory. (0x12B)
[1119/014249.241:ERROR:process_reader_win.cc(242)] ReadMemory at 0x2669ef4fbf8 of 512 bytes failed: Solo se completó una parte de una solicitud ReadProcessMemory o WriteProcessMemory. (0x12B)
[1119/014249.241:ERROR:process_reader_win.cc(242)] ReadMemory at 0x2669ef59100 of 512 bytes failed: Solo se completó una parte de una solicitud ReadProcessMemory o WriteProcessMemory. (0x12B)
[1119/014249.241:ERROR:process_reader_win.cc(242)] ReadMemory at 0x2669ef80ff0 of 560 bytes failed: Solo se completó una parte de una solicitud ReadProcessMemory o WriteProcessMemory. (0x12B)
[1119/014249.242:ERROR:process_reader_win.cc(242)] ReadMemory at 0x2669ef9fcd0 of 688 bytes failed: Solo se completó una parte de una solicitud ReadProcessMemory o WriteProcessMemory. (0x12B)
[1119/014249.242:ERROR:process_reader_win.cc(242)] ReadMemory at 0x2669efd0e68 of 512 bytes failed: Solo se completó una parte de una solicitud ReadProcessMemory o WriteProcessMemory. (0x12B)
[1119/014249.242:ERROR:process_reader_win.cc(242)] ReadMemory at 0x2669eff0988 of 512 bytes failed: Solo se completó una parte de una solicitud ReadProcessMemory o WriteProcessMemory. (0x12B)
[1119/014249.243:ERROR:process_reader_win.cc(242)] ReadMemory at 0x2669eff0c28 of 512 bytes failed: Solo se completó una parte de una solicitud ReadProcessMemory o WriteProcessMemory. (0x12B)
[1119/014249.243:ERROR:process_reader_win.cc(242)] ReadMemory at 0x266a0e1e6a0 of 512 bytes failed: Solo se completó una parte de una solicitud ReadProcessMemory o WriteProcessMemory. (0x12B)
[1119/014249.243:ERROR:process_reader_win.cc(242)] ReadMemory at 0x266a0fa5c10 of 512 bytes failed: Solo se completó una parte de una solicitud ReadProcessMemory o WriteProcessMemory. (0x12B)
[1119/014249.243:ERROR:process_reader_win.cc(242)] ReadMemory at 0x266a0fb0790 of 512 bytes failed: Solo se completó una parte de una solicitud ReadProcessMemory o WriteProcessMemory. (0x12B)
[1119/014249.243:ERROR:process_reader_win.cc(242)] ReadMemory at 0x266a13863e0 of 512 bytes failed: Solo se completó una parte de una solicitud ReadProcessMemory o WriteProcessMemory. (0x12B)
[1119/014249.244:ERROR:process_reader_win.cc(242)] ReadMemory at 0x266a13e1f58 of 512 bytes failed: Solo se completó una parte de una solicitud ReadProcessMemory o WriteProcessMemory. (0x12B)
[1119/014249.244:ERROR:process_reader_win.cc(242)] ReadMemory at 0x266a25ef15a of 512 bytes failed: Solo se completó una parte de una solicitud ReadProcessMemory o WriteProcessMemory. (0x12B)
[1119/014249.244:ERROR:process_reader_win.cc(242)] ReadMemory at 0x266a2a9c2b8 of 512 bytes failed: Solo se completó una parte de una solicitud ReadProcessMemory o WriteProcessMemory. (0x12B)
[1119/014249.244:ERROR:process_reader_win.cc(242)] ReadMemory at 0x266a2b55f10 of 512 bytes failed: Solo se completó una parte de una solicitud ReadProcessMemory o WriteProcessMemory. (0x12B)
[1119/014249.244:ERROR:process_reader_win.cc(242)] ReadMemory at 0x266a2b63b60 of 512 bytes failed: Solo se completó una parte de una solicitud ReadProcessMemory o WriteProcessMemory. (0x12B)
[1119/014249.245:ERROR:process_reader_win.cc(242)] ReadMemory at 0x266a2b643a0 of 512 bytes failed: Solo se completó una parte de una solicitud ReadProcessMemory o WriteProcessMemory. (0x12B)
[1119/014249.245:ERROR:process_reader_win.cc(242)] ReadMemory at 0x266a2b69f30 of 512 bytes failed: Solo se completó una parte de una solicitud ReadProcessMemory o WriteProcessMemory. (0x12B)
[1119/014249.245:ERROR:process_reader_win.cc(242)] ReadMemory at 0x266a2e3fc28 of 512 bytes failed: Solo se completó una parte de una solicitud ReadProcessMemory o WriteProcessMemory. (0x12B)
[1119/014249.245:ERROR:process_reader_win.cc(242)] ReadMemory at 0x266a3029500 of 512 bytes failed: Solo se completó una parte de una solicitud ReadProcessMemory o WriteProcessMemory. (0x12B)
[1119/014249.245:ERROR:process_reader_win.cc(242)] ReadMemory at 0x266a304f5a0 of 512 bytes failed: Solo se completó una parte de una solicitud ReadProcessMemory o WriteProcessMemory. (0x12B)
[1119/014249.245:ERROR:process_reader_win.cc(242)] ReadMemory at 0x95eb847a1f1 of 512 bytes failed: Solo se completó una parte de una solicitud ReadProcessMemory o WriteProcessMemory. (0x12B)
[1119/014249.246:ERROR:process_reader_win.cc(242)] ReadMemory at 0x2268ffb24551 of 512 bytes failed: Solo se completó una parte de una solicitud ReadProcessMemory o WriteProcessMemory. (0x12B)
[1119/014249.246:ERROR:process_reader_win.cc(242)] ReadMemory at 0x362cfc1dbc59 of 512 bytes failed: Solo se completó una parte de una solicitud ReadProcessMemory o WriteProcessMemory. (0x12B)
[1119/014249.246:ERROR:process_reader_win.cc(242)] ReadMemory at 0x3d0999c040a1 of 512 bytes failed: Solo se completó una parte de una solicitud ReadProcessMemory o WriteProcessMemory. (0x12B)
[1119/014249.246:ERROR:process_reader_win.cc(242)] ReadMemory at 0x43d31c66e661 of 696 bytes failed: Solo se completó una parte de una solicitud ReadProcessMemory o WriteProcessMemory. (0x12B)
[1119/014249.246:ERROR:process_reader_win.cc(242)] ReadMemory at 0x6d80741600f3 of 590 bytes failed: Solo se completó una parte de una solicitud ReadProcessMemory o WriteProcessMemory. (0x12B)
[1119/014249.247:ERROR:process_reader_win.cc(242)] ReadMemory at 0x7fff76e0df00 of 512 bytes failed: Solo se completó una parte de una solicitud ReadProcessMemory o WriteProcessMemory. (0x12B)
[1119/014249.247:ERROR:process_reader_win.cc(242)] ReadMemory at 0x7fff76e0e714 of 512 bytes failed: Solo se completó una parte de una solicitud ReadProcessMemory o WriteProcessMemory. (0x12B)
[1119/014249.247:ERROR:process_reader_win.cc(242)] ReadMemory at 0x7fff7986e60f of 512 bytes failed: Solo se completó una parte de una solicitud ReadProcessMemory o WriteProcessMemory. (0x12B)
[1119/014249.247:ERROR:process_reader_win.cc(242)] ReadMemory at 0x7fff7986e83e of 512 bytes failed: Solo se completó una parte de una solicitud ReadProcessMemory o WriteProcessMemory. (0x12B)
[1119/014249.247:ERROR:process_reader_win.cc(242)] ReadMemory at 0x7fff7a2367d0 of 512 bytes failed: Solo se completó una parte de una solicitud ReadProcessMemory o WriteProcessMemory. (0x12B)
[1119/014249.247:ERROR:process_reader_win.cc(242)] ReadMemory at 0x7fffb14de9d8 of 512 bytes failed: Solo se completó una parte de una solicitud ReadProcessMemory o WriteProcessMemory. (0x12B)
[1119/014249.248:ERROR:process_reader_win.cc(242)] ReadMemory at 0x7fffb14dfa9b of 512 bytes failed: Solo se completó una parte de una solicitud ReadProcessMemory o WriteProcessMemory. (0x12B)
[1119/014249.248:ERROR:process_reader_win.cc(242)] ReadMemory at 0x7ffff61ff260 of 512 bytes failed: Solo se completó una parte de una solicitud ReadProcessMemory o WriteProcessMemory. (0x12B)
[1119/014249.248:ERROR:process_reader_win.cc(242)] ReadMemory at 0x7ffff62009e0 of 512 bytes failed: Solo se completó una parte de una solicitud ReadProcessMemory o WriteProcessMemory. (0x12B)
[1119/014249.248:ERROR:process_reader_win.cc(242)] ReadMemory at 0x7ffff62012d0 of 512 bytes failed: Solo se completó una parte de una solicitud ReadProcessMemory o WriteProcessMemory. (0x12B)
[1119/014249.248:ERROR:process_reader_win.cc(242)] ReadMemory at 0x7ffff62030c0 of 512 bytes failed: Solo se completó una parte de una solicitud ReadProcessMemory o WriteProcessMemory. (0x12B)
[1119/014249.249:ERROR:process_reader_win.cc(242)] ReadMemory at 0x7ffff6279f04 of 672 bytes failed: Solo se completó una parte de una solicitud ReadProcessMemory o WriteProcessMemory. (0x12B)
[1119/014249.249:ERROR:process_reader_win.cc(242)] ReadMemory at 0x7ffff627d774 of 608 bytes failed: Solo se completó una parte de una solicitud ReadProcessMemory o WriteProcessMemory. (0x12B)
[1119/014249.249:ERROR:process_reader_win.cc(242)] ReadMemory at 0x7ffff62f8aa0 of 512 bytes failed: Solo se completó una parte de una solicitud ReadProcessMemory o WriteProcessMemory. (0x12B)
[1119/014249.249:ERROR:process_reader_win.cc(242)] ReadMemory at 0x7ffff6303810 of 18 bytes failed: Solo se completó una parte de una solicitud ReadProcessMemory o WriteProcessMemory. (0x12B)
[1119/014249.249:ERROR:process_reader_win.cc(242)] ReadMemory at 0x7ffff63364e0 of 40 bytes failed: Solo se completó una parte de una solicitud ReadProcessMemory o WriteProcessMemory. (0x12B)
[1119/014249.249:ERROR:process_reader_win.cc(242)] ReadMemory at 0x7ffff6336938 of 48 bytes failed: Solo se completó una parte de una solicitud ReadProcessMemory o WriteProcessMemory. (0x12B)
[1119/014249.250:ERROR:process_reader_win.cc(242)] ReadMemory at 0x7ffff633c360 of 64 bytes failed: Solo se completó una parte de una solicitud ReadProcessMemory o WriteProcessMemory. (0x12B)
[1119/014249.515:ERROR:scoped_process_suspend.cc(40)] NtResumeProcess: Se intentó obtener acceso a un proceso que está cerrándose. (0xc000010a)
